{"/home/fatimah/Zapier/src/actions.ts": {"path":"/home/fatimah/Zapier/src/actions.ts","statementMap":{"0":{"start":{"line":2,"column":2},"end":{"line":2,"column":null}},"1":{"start":{"line":2,"column":34},"end":{"line":2,"column":40}},"2":{"start":{"line":6,"column":2},"end":{"line":6,"column":null}},"3":{"start":{"line":6,"column":34},"end":{"line":6,"column":40}},"4":{"start":{"line":10,"column":18},"end":{"line":13,"column":4}},"5":{"start":{"line":10,"column":61},"end":{"line":12,"column":null}},"6":{"start":{"line":15,"column":2},"end":{"line":15,"column":null}}},"fnMap":{"0":{"name":"sortAsc","decl":{"start":{"line":1,"column":16},"end":{"line":1,"column":24}},"loc":{"start":{"line":1,"column":40},"end":{"line":2,"column":null}},"line":1},"1":{"name":"(anonymous_1)","decl":{"start":{"line":2,"column":19},"end":{"line":2,"column":25}},"loc":{"start":{"line":2,"column":34},"end":{"line":2,"column":40}},"line":2},"2":{"name":"sortDesc","decl":{"start":{"line":5,"column":16},"end":{"line":5,"column":25}},"loc":{"start":{"line":5,"column":41},"end":{"line":6,"column":null}},"line":5},"3":{"name":"(anonymous_3)","decl":{"start":{"line":6,"column":19},"end":{"line":6,"column":25}},"loc":{"start":{"line":6,"column":34},"end":{"line":6,"column":40}},"line":6},"4":{"name":"upperCase","decl":{"start":{"line":9,"column":16},"end":{"line":9,"column":26}},"loc":{"start":{"line":9,"column":65},"end":{"line":15,"column":null}},"line":9},"5":{"name":"(anonymous_5)","decl":{"start":{"line":10,"column":39},"end":{"line":10,"column":44}},"loc":{"start":{"line":10,"column":61},"end":{"line":12,"column":null}},"line":10}},"branchMap":{"0":{"loc":{"start":{"line":12,"column":4},"end":{"line":12,"column":null}},"type":"cond-expr","locations":[{"start":{"line":12,"column":32},"end":{"line":12,"column":51}},{"start":{"line":12,"column":54},"end":{"line":12,"column":null}}],"line":12}},"s":{"0":1,"1":4,"2":1,"3":4,"4":1,"5":1,"6":1},"f":{"0":1,"1":4,"2":1,"3":4,"4":1,"5":1},"b":{"0":[1,0]},"meta":{"lastBranch":1,"lastFunction":6,"lastStatement":7,"seen":{"f:1:16:1:24":0,"s:2:2:2:Infinity":0,"f:2:19:2:25":1,"s:2:34:2:40":1,"f:5:16:5:25":2,"s:6:2:6:Infinity":2,"f:6:19:6:25":3,"s:6:34:6:40":3,"f:9:16:9:26":4,"s:10:18:13:4":4,"f:10:39:10:44":5,"s:10:61:12:Infinity":5,"b:12:32:12:51:12:54:12:Infinity":0,"s:15:2:15:Infinity":6}}}
,"/home/fatimah/Zapier/src/config.ts": {"path":"/home/fatimah/Zapier/src/config.ts","statementMap":{"0":{"start":{"line":4,"column":41},"end":{"line":5,"column":null}},"1":{"start":{"line":14,"column":16},"end":{"line":14,"column":null}},"2":{"start":{"line":16,"column":2},"end":{"line":17,"column":null}},"3":{"start":{"line":17,"column":4},"end":{"line":17,"column":null}},"4":{"start":{"line":19,"column":2},"end":{"line":19,"column":null}},"5":{"start":{"line":22,"column":22},"end":{"line":26,"column":null}}},"fnMap":{"0":{"name":"envOrThrow","decl":{"start":{"line":13,"column":9},"end":{"line":13,"column":20}},"loc":{"start":{"line":13,"column":33},"end":{"line":19,"column":null}},"line":13}},"branchMap":{"0":{"loc":{"start":{"line":16,"column":2},"end":{"line":17,"column":null}},"type":"if","locations":[{"start":{"line":16,"column":2},"end":{"line":17,"column":null}},{"start":{},"end":{}}],"line":16}},"s":{"0":2,"1":2,"2":2,"3":0,"4":2,"5":2},"f":{"0":2},"b":{"0":[0,2]},"meta":{"lastBranch":1,"lastFunction":1,"lastStatement":6,"seen":{"s:4:41:5:Infinity":0,"f:13:9:13:20":0,"s:14:16:14:Infinity":1,"b:16:2:17:Infinity:undefined:undefined:undefined:undefined":0,"s:16:2:17:Infinity":2,"s:17:4:17:Infinity":3,"s:19:2:19:Infinity":4,"s:22:22:26:Infinity":5}}}
,"/home/fatimah/Zapier/src/server.ts": {"path":"/home/fatimah/Zapier/src/server.ts","statementMap":{"0":{"start":{"line":31,"column":6},"end":{"line":31,"column":59}},"1":{"start":{"line":32,"column":0},"end":{"line":32,"column":null}},"2":{"start":{"line":40,"column":2},"end":{"line":40,"column":null}},"3":{"start":{"line":42,"column":2},"end":{"line":43,"column":null}},"4":{"start":{"line":43,"column":4},"end":{"line":43,"column":null}},"5":{"start":{"line":46,"column":2},"end":{"line":47,"column":null}},"6":{"start":{"line":47,"column":4},"end":{"line":47,"column":null}},"7":{"start":{"line":50,"column":2},"end":{"line":51,"column":null}},"8":{"start":{"line":51,"column":4},"end":{"line":51,"column":null}},"9":{"start":{"line":54,"column":2},"end":{"line":55,"column":null}},"10":{"start":{"line":55,"column":4},"end":{"line":55,"column":null}},"11":{"start":{"line":58,"column":2},"end":{"line":58,"column":null}},"12":{"start":{"line":59,"column":2},"end":{"line":59,"column":null}},"13":{"start":{"line":62,"column":13},"end":{"line":62,"column":28}},"14":{"start":{"line":64,"column":0},"end":{"line":64,"column":null}},"15":{"start":{"line":67,"column":0},"end":{"line":105,"column":null}},"16":{"start":{"line":70,"column":4},"end":{"line":102,"column":null}},"17":{"start":{"line":71,"column":38},"end":{"line":71,"column":null}},"18":{"start":{"line":72,"column":19},"end":{"line":72,"column":null}},"19":{"start":{"line":74,"column":6},"end":{"line":74,"column":null}},"20":{"start":{"line":74,"column":19},"end":{"line":74,"column":null}},"21":{"start":{"line":76,"column":6},"end":{"line":77,"column":null}},"22":{"start":{"line":77,"column":8},"end":{"line":77,"column":null}},"23":{"start":{"line":79,"column":23},"end":{"line":79,"column":51}},"24":{"start":{"line":81,"column":6},"end":{"line":82,"column":null}},"25":{"start":{"line":82,"column":8},"end":{"line":82,"column":null}},"26":{"start":{"line":85,"column":25},"end":{"line":85,"column":null}},"27":{"start":{"line":86,"column":6},"end":{"line":86,"column":null}},"28":{"start":{"line":87,"column":6},"end":{"line":87,"column":null}},"29":{"start":{"line":88,"column":6},"end":{"line":88,"column":null}},"30":{"start":{"line":90,"column":19},"end":{"line":93,"column":9}},"31":{"start":{"line":90,"column":53},"end":{"line":93,"column":9}},"32":{"start":{"line":95,"column":33},"end":{"line":95,"column":54}},"33":{"start":{"line":97,"column":6},"end":{"line":100,"column":null}},"34":{"start":{"line":102,"column":6},"end":{"line":102,"column":null}},"35":{"start":{"line":107,"column":0},"end":{"line":132,"column":null}},"36":{"start":{"line":110,"column":4},"end":{"line":129,"column":null}},"37":{"start":{"line":111,"column":20},"end":{"line":111,"column":39}},"38":{"start":{"line":113,"column":6},"end":{"line":114,"column":null}},"39":{"start":{"line":114,"column":8},"end":{"line":114,"column":null}},"40":{"start":{"line":116,"column":21},"end":{"line":116,"column":23}},"41":{"start":{"line":118,"column":6},"end":{"line":124,"column":null}},"42":{"start":{"line":119,"column":21},"end":{"line":119,"column":43}},"43":{"start":{"line":121,"column":8},"end":{"line":124,"column":null}},"44":{"start":{"line":127,"column":6},"end":{"line":127,"column":null}},"45":{"start":{"line":129,"column":6},"end":{"line":129,"column":null}},"46":{"start":{"line":134,"column":0},"end":{"line":154,"column":null}},"47":{"start":{"line":137,"column":4},"end":{"line":151,"column":null}},"48":{"start":{"line":138,"column":29},"end":{"line":138,"column":null}},"49":{"start":{"line":139,"column":19},"end":{"line":139,"column":58}},"50":{"start":{"line":141,"column":6},"end":{"line":142,"column":null}},"51":{"start":{"line":142,"column":8},"end":{"line":142,"column":null}},"52":{"start":{"line":144,"column":19},"end":{"line":144,"column":41}},"53":{"start":{"line":146,"column":6},"end":{"line":149,"column":null}},"54":{"start":{"line":151,"column":6},"end":{"line":151,"column":null}},"55":{"start":{"line":156,"column":0},"end":{"line":173,"column":null}},"56":{"start":{"line":159,"column":4},"end":{"line":170,"column":null}},"57":{"start":{"line":160,"column":25},"end":{"line":160,"column":null}},"58":{"start":{"line":161,"column":29},"end":{"line":161,"column":null}},"59":{"start":{"line":162,"column":6},"end":{"line":162,"column":null}},"60":{"start":{"line":162,"column":19},"end":{"line":162,"column":null}},"61":{"start":{"line":163,"column":19},"end":{"line":163,"column":69}},"62":{"start":{"line":165,"column":6},"end":{"line":166,"column":null}},"63":{"start":{"line":166,"column":8},"end":{"line":166,"column":null}},"64":{"start":{"line":168,"column":6},"end":{"line":168,"column":null}},"65":{"start":{"line":170,"column":6},"end":{"line":170,"column":null}},"66":{"start":{"line":175,"column":0},"end":{"line":191,"column":null}},"67":{"start":{"line":178,"column":4},"end":{"line":188,"column":null}},"68":{"start":{"line":179,"column":29},"end":{"line":179,"column":null}},"69":{"start":{"line":181,"column":22},"end":{"line":181,"column":64}},"70":{"start":{"line":183,"column":6},"end":{"line":184,"column":null}},"71":{"start":{"line":184,"column":8},"end":{"line":184,"column":null}},"72":{"start":{"line":186,"column":6},"end":{"line":186,"column":null}},"73":{"start":{"line":188,"column":6},"end":{"line":188,"column":null}},"74":{"start":{"line":193,"column":0},"end":{"line":221,"column":null}},"75":{"start":{"line":200,"column":4},"end":{"line":218,"column":null}},"76":{"start":{"line":201,"column":29},"end":{"line":201,"column":null}},"77":{"start":{"line":202,"column":26},"end":{"line":202,"column":null}},"78":{"start":{"line":204,"column":6},"end":{"line":204,"column":null}},"79":{"start":{"line":204,"column":20},"end":{"line":204,"column":null}},"80":{"start":{"line":206,"column":23},"end":{"line":206,"column":52}},"81":{"start":{"line":208,"column":6},"end":{"line":209,"column":null}},"82":{"start":{"line":209,"column":8},"end":{"line":209,"column":null}},"83":{"start":{"line":211,"column":18},"end":{"line":211,"column":58}},"84":{"start":{"line":213,"column":6},"end":{"line":216,"column":null}},"85":{"start":{"line":218,"column":6},"end":{"line":218,"column":null}},"86":{"start":{"line":223,"column":0},"end":{"line":240,"column":null}},"87":{"start":{"line":226,"column":4},"end":{"line":237,"column":null}},"88":{"start":{"line":227,"column":29},"end":{"line":227,"column":null}},"89":{"start":{"line":228,"column":19},"end":{"line":228,"column":58}},"90":{"start":{"line":230,"column":6},"end":{"line":231,"column":null}},"91":{"start":{"line":231,"column":8},"end":{"line":231,"column":null}},"92":{"start":{"line":233,"column":19},"end":{"line":233,"column":45}},"93":{"start":{"line":235,"column":6},"end":{"line":235,"column":null}},"94":{"start":{"line":237,"column":6},"end":{"line":237,"column":null}},"95":{"start":{"line":242,"column":0},"end":{"line":256,"column":null}},"96":{"start":{"line":245,"column":4},"end":{"line":253,"column":null}},"97":{"start":{"line":246,"column":19},"end":{"line":246,"column":37}},"98":{"start":{"line":248,"column":6},"end":{"line":249,"column":null}},"99":{"start":{"line":249,"column":8},"end":{"line":249,"column":null}},"100":{"start":{"line":251,"column":6},"end":{"line":251,"column":null}},"101":{"start":{"line":253,"column":6},"end":{"line":253,"column":null}},"102":{"start":{"line":258,"column":0},"end":{"line":273,"column":null}},"103":{"start":{"line":261,"column":4},"end":{"line":270,"column":null}},"104":{"start":{"line":262,"column":24},"end":{"line":262,"column":null}},"105":{"start":{"line":264,"column":18},"end":{"line":264,"column":51}},"106":{"start":{"line":266,"column":6},"end":{"line":266,"column":null}},"107":{"start":{"line":266,"column":16},"end":{"line":266,"column":null}},"108":{"start":{"line":268,"column":6},"end":{"line":268,"column":null}},"109":{"start":{"line":270,"column":6},"end":{"line":270,"column":null}},"110":{"start":{"line":275,"column":0},"end":{"line":295,"column":null}},"111":{"start":{"line":278,"column":4},"end":{"line":292,"column":null}},"112":{"start":{"line":279,"column":24},"end":{"line":279,"column":null}},"113":{"start":{"line":281,"column":18},"end":{"line":281,"column":51}},"114":{"start":{"line":283,"column":6},"end":{"line":283,"column":null}},"115":{"start":{"line":283,"column":16},"end":{"line":283,"column":null}},"116":{"start":{"line":285,"column":22},"end":{"line":285,"column":59}},"117":{"start":{"line":287,"column":6},"end":{"line":288,"column":null}},"118":{"start":{"line":288,"column":8},"end":{"line":288,"column":null}},"119":{"start":{"line":290,"column":6},"end":{"line":290,"column":null}},"120":{"start":{"line":292,"column":6},"end":{"line":292,"column":null}},"121":{"start":{"line":297,"column":0},"end":{"line":297,"column":null}}},"fnMap":{"0":{"name":"errorHandler","decl":{"start":{"line":34,"column":9},"end":{"line":34,"column":null}},"loc":{"start":{"line":39,"column":2},"end":{"line":59,"column":null}},"line":39},"1":{"name":"(anonymous_1)","decl":{"start":{"line":69,"column":2},"end":{"line":69,"column":9}},"loc":{"start":{"line":69,"column":61},"end":{"line":105,"column":null}},"line":69},"2":{"name":"(anonymous_2)","decl":{"start":{"line":90,"column":31},"end":{"line":90,"column":36}},"loc":{"start":{"line":90,"column":53},"end":{"line":93,"column":9}},"line":90},"3":{"name":"(anonymous_3)","decl":{"start":{"line":109,"column":2},"end":{"line":109,"column":9}},"loc":{"start":{"line":109,"column":61},"end":{"line":132,"column":null}},"line":109},"4":{"name":"(anonymous_4)","decl":{"start":{"line":136,"column":2},"end":{"line":136,"column":9}},"loc":{"start":{"line":136,"column":61},"end":{"line":154,"column":null}},"line":136},"5":{"name":"(anonymous_5)","decl":{"start":{"line":158,"column":2},"end":{"line":158,"column":9}},"loc":{"start":{"line":158,"column":61},"end":{"line":173,"column":null}},"line":158},"6":{"name":"(anonymous_6)","decl":{"start":{"line":177,"column":2},"end":{"line":177,"column":9}},"loc":{"start":{"line":177,"column":61},"end":{"line":191,"column":null}},"line":177},"7":{"name":"(anonymous_7)","decl":{"start":{"line":195,"column":2},"end":{"line":195,"column":null}},"loc":{"start":{"line":199,"column":7},"end":{"line":221,"column":null}},"line":199},"8":{"name":"(anonymous_8)","decl":{"start":{"line":225,"column":2},"end":{"line":225,"column":9}},"loc":{"start":{"line":225,"column":61},"end":{"line":240,"column":null}},"line":225},"9":{"name":"(anonymous_9)","decl":{"start":{"line":244,"column":2},"end":{"line":244,"column":9}},"loc":{"start":{"line":244,"column":61},"end":{"line":256,"column":null}},"line":244},"10":{"name":"(anonymous_10)","decl":{"start":{"line":260,"column":2},"end":{"line":260,"column":9}},"loc":{"start":{"line":260,"column":61},"end":{"line":273,"column":null}},"line":260},"11":{"name":"(anonymous_11)","decl":{"start":{"line":277,"column":2},"end":{"line":277,"column":9}},"loc":{"start":{"line":277,"column":61},"end":{"line":295,"column":null}},"line":277}},"branchMap":{"0":{"loc":{"start":{"line":42,"column":2},"end":{"line":43,"column":null}},"type":"if","locations":[{"start":{"line":42,"column":2},"end":{"line":43,"column":null}},{"start":{},"end":{}}],"line":42},"1":{"loc":{"start":{"line":46,"column":2},"end":{"line":47,"column":null}},"type":"if","locations":[{"start":{"line":46,"column":2},"end":{"line":47,"column":null}},{"start":{},"end":{}}],"line":46},"2":{"loc":{"start":{"line":50,"column":2},"end":{"line":51,"column":null}},"type":"if","locations":[{"start":{"line":50,"column":2},"end":{"line":51,"column":null}},{"start":{},"end":{}}],"line":50},"3":{"loc":{"start":{"line":54,"column":2},"end":{"line":55,"column":null}},"type":"if","locations":[{"start":{"line":54,"column":2},"end":{"line":55,"column":null}},{"start":{},"end":{}}],"line":54},"4":{"loc":{"start":{"line":74,"column":6},"end":{"line":74,"column":null}},"type":"if","locations":[{"start":{"line":74,"column":6},"end":{"line":74,"column":null}},{"start":{},"end":{}}],"line":74},"5":{"loc":{"start":{"line":76,"column":6},"end":{"line":77,"column":null}},"type":"if","locations":[{"start":{"line":76,"column":6},"end":{"line":77,"column":null}},{"start":{},"end":{}}],"line":76},"6":{"loc":{"start":{"line":76,"column":10},"end":{"line":76,"column":null}},"type":"binary-expr","locations":[{"start":{"line":76,"column":10},"end":{"line":76,"column":37}},{"start":{"line":76,"column":41},"end":{"line":76,"column":null}}],"line":76},"7":{"loc":{"start":{"line":81,"column":6},"end":{"line":82,"column":null}},"type":"if","locations":[{"start":{"line":81,"column":6},"end":{"line":82,"column":null}},{"start":{},"end":{}}],"line":81},"8":{"loc":{"start":{"line":113,"column":6},"end":{"line":114,"column":null}},"type":"if","locations":[{"start":{"line":113,"column":6},"end":{"line":114,"column":null}},{"start":{},"end":{}}],"line":113},"9":{"loc":{"start":{"line":113,"column":10},"end":{"line":113,"column":null}},"type":"binary-expr","locations":[{"start":{"line":113,"column":10},"end":{"line":113,"column":31}},{"start":{"line":113,"column":35},"end":{"line":113,"column":null}}],"line":113},"10":{"loc":{"start":{"line":123,"column":23},"end":{"line":123,"column":null}},"type":"binary-expr","locations":[{"start":{"line":123,"column":23},"end":{"line":123,"column":31}},{"start":{"line":123,"column":31},"end":{"line":123,"column":null}}],"line":123},"11":{"loc":{"start":{"line":141,"column":6},"end":{"line":142,"column":null}},"type":"if","locations":[{"start":{"line":141,"column":6},"end":{"line":142,"column":null}},{"start":{},"end":{}}],"line":141},"12":{"loc":{"start":{"line":148,"column":21},"end":{"line":148,"column":null}},"type":"binary-expr","locations":[{"start":{"line":148,"column":21},"end":{"line":148,"column":29}},{"start":{"line":148,"column":29},"end":{"line":148,"column":null}}],"line":148},"13":{"loc":{"start":{"line":162,"column":6},"end":{"line":162,"column":null}},"type":"if","locations":[{"start":{"line":162,"column":6},"end":{"line":162,"column":null}},{"start":{},"end":{}}],"line":162},"14":{"loc":{"start":{"line":165,"column":6},"end":{"line":166,"column":null}},"type":"if","locations":[{"start":{"line":165,"column":6},"end":{"line":166,"column":null}},{"start":{},"end":{}}],"line":165},"15":{"loc":{"start":{"line":183,"column":6},"end":{"line":184,"column":null}},"type":"if","locations":[{"start":{"line":183,"column":6},"end":{"line":184,"column":null}},{"start":{},"end":{}}],"line":183},"16":{"loc":{"start":{"line":204,"column":6},"end":{"line":204,"column":null}},"type":"if","locations":[{"start":{"line":204,"column":6},"end":{"line":204,"column":null}},{"start":{},"end":{}}],"line":204},"17":{"loc":{"start":{"line":208,"column":6},"end":{"line":209,"column":null}},"type":"if","locations":[{"start":{"line":208,"column":6},"end":{"line":209,"column":null}},{"start":{},"end":{}}],"line":208},"18":{"loc":{"start":{"line":230,"column":6},"end":{"line":231,"column":null}},"type":"if","locations":[{"start":{"line":230,"column":6},"end":{"line":231,"column":null}},{"start":{},"end":{}}],"line":230},"19":{"loc":{"start":{"line":248,"column":6},"end":{"line":249,"column":null}},"type":"if","locations":[{"start":{"line":248,"column":6},"end":{"line":249,"column":null}},{"start":{},"end":{}}],"line":248},"20":{"loc":{"start":{"line":248,"column":10},"end":{"line":248,"column":null}},"type":"binary-expr","locations":[{"start":{"line":248,"column":10},"end":{"line":248,"column":30}},{"start":{"line":248,"column":34},"end":{"line":248,"column":null}}],"line":248},"21":{"loc":{"start":{"line":266,"column":6},"end":{"line":266,"column":null}},"type":"if","locations":[{"start":{"line":266,"column":6},"end":{"line":266,"column":null}},{"start":{},"end":{}}],"line":266},"22":{"loc":{"start":{"line":283,"column":6},"end":{"line":283,"column":null}},"type":"if","locations":[{"start":{"line":283,"column":6},"end":{"line":283,"column":null}},{"start":{},"end":{}}],"line":283},"23":{"loc":{"start":{"line":287,"column":6},"end":{"line":288,"column":null}},"type":"if","locations":[{"start":{"line":287,"column":6},"end":{"line":288,"column":null}},{"start":{},"end":{}}],"line":287},"24":{"loc":{"start":{"line":287,"column":10},"end":{"line":287,"column":null}},"type":"binary-expr","locations":[{"start":{"line":287,"column":10},"end":{"line":287,"column":33}},{"start":{"line":287,"column":37},"end":{"line":287,"column":null}}],"line":287}},"s":{"0":2,"1":2,"2":0,"3":0,"4":0,"5":0,"6":0,"7":0,"8":0,"9":0,"10":0,"11":0,"12":0,"13":2,"14":2,"15":2,"16":2,"17":2,"18":2,"19":2,"20":0,"21":2,"22":0,"23":2,"24":2,"25":0,"26":2,"27":2,"28":2,"29":2,"30":2,"31":2,"32":2,"33":2,"34":0,"35":2,"36":0,"37":0,"38":0,"39":0,"40":0,"41":0,"42":0,"43":0,"44":0,"45":0,"46":2,"47":0,"48":0,"49":0,"50":0,"51":0,"52":0,"53":0,"54":0,"55":2,"56":0,"57":0,"58":0,"59":0,"60":0,"61":0,"62":0,"63":0,"64":0,"65":0,"66":2,"67":0,"68":0,"69":0,"70":0,"71":0,"72":0,"73":0,"74":2,"75":1,"76":1,"77":1,"78":1,"79":0,"80":1,"81":1,"82":0,"83":1,"84":1,"85":0,"86":2,"87":0,"88":0,"89":0,"90":0,"91":0,"92":0,"93":0,"94":0,"95":2,"96":0,"97":0,"98":0,"99":0,"100":0,"101":0,"102":2,"103":0,"104":0,"105":0,"106":0,"107":0,"108":0,"109":0,"110":2,"111":0,"112":0,"113":0,"114":0,"115":0,"116":0,"117":0,"118":0,"119":0,"120":0,"121":2},"f":{"0":0,"1":2,"2":2,"3":0,"4":0,"5":0,"6":0,"7":1,"8":0,"9":0,"10":0,"11":0},"b":{"0":[0,0],"1":[0,0],"2":[0,0],"3":[0,0],"4":[0,2],"5":[0,2],"6":[2,2],"7":[0,2],"8":[0,0],"9":[0,0],"10":[0,0],"11":[0,0],"12":[0,0],"13":[0,0],"14":[0,0],"15":[0,0],"16":[0,1],"17":[0,1],"18":[0,0],"19":[0,0],"20":[0,0],"21":[0,0],"22":[0,0],"23":[0,0],"24":[0,0]},"meta":{"lastBranch":25,"lastFunction":12,"lastStatement":122,"seen":{"s:31:6:31:59":0,"s:32:0:32:Infinity":1,"f:34:9:34:Infinity":0,"s:40:2:40:Infinity":2,"b:42:2:43:Infinity:undefined:undefined:undefined:undefined":0,"s:42:2:43:Infinity":3,"s:43:4:43:Infinity":4,"b:46:2:47:Infinity:undefined:undefined:undefined:undefined":1,"s:46:2:47:Infinity":5,"s:47:4:47:Infinity":6,"b:50:2:51:Infinity:undefined:undefined:undefined:undefined":2,"s:50:2:51:Infinity":7,"s:51:4:51:Infinity":8,"b:54:2:55:Infinity:undefined:undefined:undefined:undefined":3,"s:54:2:55:Infinity":9,"s:55:4:55:Infinity":10,"s:58:2:58:Infinity":11,"s:59:2:59:Infinity":12,"s:62:13:62:28":13,"s:64:0:64:Infinity":14,"s:67:0:105:Infinity":15,"f:69:2:69:9":1,"s:70:4:102:Infinity":16,"s:71:38:71:Infinity":17,"s:72:19:72:Infinity":18,"b:74:6:74:Infinity:undefined:undefined:undefined:undefined":4,"s:74:6:74:Infinity":19,"s:74:19:74:Infinity":20,"b:76:6:77:Infinity:undefined:undefined:undefined:undefined":5,"s:76:6:77:Infinity":21,"b:76:10:76:37:76:41:76:Infinity":6,"s:77:8:77:Infinity":22,"s:79:23:79:51":23,"b:81:6:82:Infinity:undefined:undefined:undefined:undefined":7,"s:81:6:82:Infinity":24,"s:82:8:82:Infinity":25,"s:85:25:85:Infinity":26,"s:86:6:86:Infinity":27,"s:87:6:87:Infinity":28,"s:88:6:88:Infinity":29,"s:90:19:93:9":30,"f:90:31:90:36":2,"s:90:53:93:9":31,"s:95:33:95:54":32,"s:97:6:100:Infinity":33,"s:102:6:102:Infinity":34,"s:107:0:132:Infinity":35,"f:109:2:109:9":3,"s:110:4:129:Infinity":36,"s:111:20:111:39":37,"b:113:6:114:Infinity:undefined:undefined:undefined:undefined":8,"s:113:6:114:Infinity":38,"b:113:10:113:31:113:35:113:Infinity":9,"s:114:8:114:Infinity":39,"s:116:21:116:23":40,"s:118:6:124:Infinity":41,"s:119:21:119:43":42,"s:121:8:124:Infinity":43,"b:123:23:123:31:123:31:123:Infinity":10,"s:127:6:127:Infinity":44,"s:129:6:129:Infinity":45,"s:134:0:154:Infinity":46,"f:136:2:136:9":4,"s:137:4:151:Infinity":47,"s:138:29:138:Infinity":48,"s:139:19:139:58":49,"b:141:6:142:Infinity:undefined:undefined:undefined:undefined":11,"s:141:6:142:Infinity":50,"s:142:8:142:Infinity":51,"s:144:19:144:41":52,"s:146:6:149:Infinity":53,"b:148:21:148:29:148:29:148:Infinity":12,"s:151:6:151:Infinity":54,"s:156:0:173:Infinity":55,"f:158:2:158:9":5,"s:159:4:170:Infinity":56,"s:160:25:160:Infinity":57,"s:161:29:161:Infinity":58,"b:162:6:162:Infinity:undefined:undefined:undefined:undefined":13,"s:162:6:162:Infinity":59,"s:162:19:162:Infinity":60,"s:163:19:163:69":61,"b:165:6:166:Infinity:undefined:undefined:undefined:undefined":14,"s:165:6:166:Infinity":62,"s:166:8:166:Infinity":63,"s:168:6:168:Infinity":64,"s:170:6:170:Infinity":65,"s:175:0:191:Infinity":66,"f:177:2:177:9":6,"s:178:4:188:Infinity":67,"s:179:29:179:Infinity":68,"s:181:22:181:64":69,"b:183:6:184:Infinity:undefined:undefined:undefined:undefined":15,"s:183:6:184:Infinity":70,"s:184:8:184:Infinity":71,"s:186:6:186:Infinity":72,"s:188:6:188:Infinity":73,"s:193:0:221:Infinity":74,"f:195:2:195:Infinity":7,"s:200:4:218:Infinity":75,"s:201:29:201:Infinity":76,"s:202:26:202:Infinity":77,"b:204:6:204:Infinity:undefined:undefined:undefined:undefined":16,"s:204:6:204:Infinity":78,"s:204:20:204:Infinity":79,"s:206:23:206:52":80,"b:208:6:209:Infinity:undefined:undefined:undefined:undefined":17,"s:208:6:209:Infinity":81,"s:209:8:209:Infinity":82,"s:211:18:211:58":83,"s:213:6:216:Infinity":84,"s:218:6:218:Infinity":85,"s:223:0:240:Infinity":86,"f:225:2:225:9":8,"s:226:4:237:Infinity":87,"s:227:29:227:Infinity":88,"s:228:19:228:58":89,"b:230:6:231:Infinity:undefined:undefined:undefined:undefined":18,"s:230:6:231:Infinity":90,"s:231:8:231:Infinity":91,"s:233:19:233:45":92,"s:235:6:235:Infinity":93,"s:237:6:237:Infinity":94,"s:242:0:256:Infinity":95,"f:244:2:244:9":9,"s:245:4:253:Infinity":96,"s:246:19:246:37":97,"b:248:6:249:Infinity:undefined:undefined:undefined:undefined":19,"s:248:6:249:Infinity":98,"b:248:10:248:30:248:34:248:Infinity":20,"s:249:8:249:Infinity":99,"s:251:6:251:Infinity":100,"s:253:6:253:Infinity":101,"s:258:0:273:Infinity":102,"f:260:2:260:9":10,"s:261:4:270:Infinity":103,"s:262:24:262:Infinity":104,"s:264:18:264:51":105,"b:266:6:266:Infinity:undefined:undefined:undefined:undefined":21,"s:266:6:266:Infinity":106,"s:266:16:266:Infinity":107,"s:268:6:268:Infinity":108,"s:270:6:270:Infinity":109,"s:275:0:295:Infinity":110,"f:277:2:277:9":11,"s:278:4:292:Infinity":111,"s:279:24:279:Infinity":112,"s:281:18:281:51":113,"b:283:6:283:Infinity:undefined:undefined:undefined:undefined":22,"s:283:6:283:Infinity":114,"s:283:16:283:Infinity":115,"s:285:22:285:59":116,"b:287:6:288:Infinity:undefined:undefined:undefined:undefined":23,"s:287:6:288:Infinity":117,"b:287:10:287:33:287:37:287:Infinity":24,"s:288:8:288:Infinity":118,"s:290:6:290:Infinity":119,"s:292:6:292:Infinity":120,"s:297:0:297:Infinity":121}}}
,"/home/fatimah/Zapier/src/classes/errors.ts": {"path":"/home/fatimah/Zapier/src/classes/errors.ts","statementMap":{"0":{"start":{"line":3,"column":4},"end":{"line":3,"column":null}},"1":{"start":{"line":4,"column":4},"end":{"line":4,"column":null}},"2":{"start":{"line":10,"column":4},"end":{"line":10,"column":null}},"3":{"start":{"line":11,"column":4},"end":{"line":11,"column":null}},"4":{"start":{"line":17,"column":4},"end":{"line":17,"column":null}},"5":{"start":{"line":18,"column":4},"end":{"line":18,"column":null}},"6":{"start":{"line":24,"column":4},"end":{"line":24,"column":null}},"7":{"start":{"line":25,"column":4},"end":{"line":25,"column":null}}},"fnMap":{"0":{"name":"(anonymous_0)","decl":{"start":{"line":2,"column":2},"end":{"line":2,"column":14}},"loc":{"start":{"line":2,"column":31},"end":{"line":4,"column":null}},"line":2},"1":{"name":"(anonymous_1)","decl":{"start":{"line":9,"column":2},"end":{"line":9,"column":14}},"loc":{"start":{"line":9,"column":31},"end":{"line":11,"column":null}},"line":9},"2":{"name":"(anonymous_2)","decl":{"start":{"line":16,"column":2},"end":{"line":16,"column":14}},"loc":{"start":{"line":16,"column":31},"end":{"line":18,"column":null}},"line":16},"3":{"name":"(anonymous_3)","decl":{"start":{"line":23,"column":2},"end":{"line":23,"column":14}},"loc":{"start":{"line":23,"column":31},"end":{"line":25,"column":null}},"line":23}},"branchMap":{},"s":{"0":0,"1":0,"2":0,"3":0,"4":0,"5":0,"6":0,"7":0},"f":{"0":0,"1":0,"2":0,"3":0},"b":{},"meta":{"lastBranch":0,"lastFunction":4,"lastStatement":8,"seen":{"f:2:2:2:14":0,"s:3:4:3:Infinity":0,"s:4:4:4:Infinity":1,"f:9:2:9:14":1,"s:10:4:10:Infinity":2,"s:11:4:11:Infinity":3,"f:16:2:16:14":2,"s:17:4:17:Infinity":4,"s:18:4:18:Infinity":5,"f:23:2:23:14":3,"s:24:4:24:Infinity":6,"s:25:4:25:Infinity":7}}}
,"/home/fatimah/Zapier/src/db/index.ts": {"path":"/home/fatimah/Zapier/src/db/index.ts","statementMap":{"0":{"start":{"line":7,"column":6},"end":{"line":7,"column":36}},"1":{"start":{"line":8,"column":13},"end":{"line":8,"column":43}}},"fnMap":{},"branchMap":{},"s":{"0":2,"1":2},"f":{},"b":{},"meta":{"lastBranch":0,"lastFunction":0,"lastStatement":2,"seen":{"s:7:6:7:36":0,"s:8:13:8:43":1}}}
,"/home/fatimah/Zapier/src/db/schema.ts": {"path":"/home/fatimah/Zapier/src/db/schema.ts","statementMap":{"0":{"start":{"line":10,"column":13},"end":{"line":16,"column":2}},"1":{"start":{"line":18,"column":13},"end":{"line":26,"column":2}},"2":{"start":{"line":23,"column":22},"end":{"line":23,"column":36}},"3":{"start":{"line":28,"column":13},"end":{"line":46,"column":2}},"4":{"start":{"line":33,"column":22},"end":{"line":33,"column":36}},"5":{"start":{"line":48,"column":13},"end":{"line":60,"column":2}},"6":{"start":{"line":51,"column":41},"end":{"line":51,"column":50}}},"fnMap":{"0":{"name":"(anonymous_0)","decl":{"start":{"line":23,"column":5},"end":{"line":23,"column":22}},"loc":{"start":{"line":23,"column":22},"end":{"line":23,"column":36}},"line":23},"1":{"name":"(anonymous_1)","decl":{"start":{"line":33,"column":5},"end":{"line":33,"column":22}},"loc":{"start":{"line":33,"column":22},"end":{"line":33,"column":36}},"line":33},"2":{"name":"(anonymous_2)","decl":{"start":{"line":51,"column":24},"end":{"line":51,"column":41}},"loc":{"start":{"line":51,"column":41},"end":{"line":51,"column":50}},"line":51}},"branchMap":{},"s":{"0":2,"1":2,"2":0,"3":2,"4":0,"5":2,"6":0},"f":{"0":0,"1":0,"2":0},"b":{},"meta":{"lastBranch":0,"lastFunction":3,"lastStatement":7,"seen":{"s:10:13:16:2":0,"s:18:13:26:2":1,"f:23:5:23:22":0,"s:23:22:23:36":2,"s:28:13:46:2":3,"f:33:5:33:22":1,"s:33:22:33:36":4,"s:48:13:60:2":5,"f:51:24:51:41":2,"s:51:41:51:50":6}}}
,"/home/fatimah/Zapier/src/db/queries/attemps.ts": {"path":"/home/fatimah/Zapier/src/db/queries/attemps.ts","statementMap":{"0":{"start":{"line":6,"column":2},"end":{"line":9,"column":null}},"1":{"start":{"line":13,"column":19},"end":{"line":13,"column":79}},"2":{"start":{"line":14,"column":2},"end":{"line":14,"column":null}},"3":{"start":{"line":18,"column":2},"end":{"line":26,"column":null}}},"fnMap":{"0":{"name":"getJobAttempts","decl":{"start":{"line":5,"column":22},"end":{"line":5,"column":37}},"loc":{"start":{"line":5,"column":52},"end":{"line":9,"column":null}},"line":5},"1":{"name":"createAttempt","decl":{"start":{"line":12,"column":22},"end":{"line":12,"column":36}},"loc":{"start":{"line":12,"column":53},"end":{"line":14,"column":null}},"line":12},"2":{"name":"getFailedAttempt","decl":{"start":{"line":17,"column":22},"end":{"line":17,"column":39}},"loc":{"start":{"line":17,"column":54},"end":{"line":26,"column":null}},"line":17}},"branchMap":{},"s":{"0":0,"1":0,"2":0,"3":0},"f":{"0":0,"1":0,"2":0},"b":{},"meta":{"lastBranch":0,"lastFunction":3,"lastStatement":4,"seen":{"f:5:22:5:37":0,"s:6:2:9:Infinity":0,"f:12:22:12:36":1,"s:13:19:13:79":1,"s:14:2:14:Infinity":2,"f:17:22:17:39":2,"s:18:2:26:Infinity":3}}}
,"/home/fatimah/Zapier/src/db/queries/jobs.ts": {"path":"/home/fatimah/Zapier/src/db/queries/jobs.ts","statementMap":{"0":{"start":{"line":6,"column":19},"end":{"line":6,"column":64}},"1":{"start":{"line":7,"column":2},"end":{"line":7,"column":null}},"2":{"start":{"line":11,"column":16},"end":{"line":11,"column":38}},"3":{"start":{"line":13,"column":2},"end":{"line":13,"column":null}},"4":{"start":{"line":17,"column":19},"end":{"line":17,"column":73}},"5":{"start":{"line":19,"column":2},"end":{"line":19,"column":null}},"6":{"start":{"line":23,"column":19},"end":{"line":27,"column":16}},"7":{"start":{"line":29,"column":2},"end":{"line":29,"column":null}},"8":{"start":{"line":33,"column":19},"end":{"line":40,"column":16}},"9":{"start":{"line":42,"column":2},"end":{"line":42,"column":null}},"10":{"start":{"line":46,"column":2},"end":{"line":46,"column":null}},"11":{"start":{"line":50,"column":2},"end":{"line":60,"column":null}}},"fnMap":{"0":{"name":"createJob","decl":{"start":{"line":5,"column":22},"end":{"line":5,"column":32}},"loc":{"start":{"line":5,"column":42},"end":{"line":7,"column":null}},"line":5},"1":{"name":"getAllJobs","decl":{"start":{"line":10,"column":22},"end":{"line":10,"column":35}},"loc":{"start":{"line":10,"column":35},"end":{"line":13,"column":null}},"line":10},"2":{"name":"getJobById","decl":{"start":{"line":16,"column":22},"end":{"line":16,"column":33}},"loc":{"start":{"line":16,"column":48},"end":{"line":19,"column":null}},"line":16},"3":{"name":"updateJobStatus","decl":{"start":{"line":22,"column":22},"end":{"line":22,"column":38}},"loc":{"start":{"line":22,"column":69},"end":{"line":29,"column":null}},"line":22},"4":{"name":"incrementAttempts","decl":{"start":{"line":32,"column":22},"end":{"line":32,"column":40}},"loc":{"start":{"line":32,"column":55},"end":{"line":42,"column":null}},"line":32},"5":{"name":"getPipeJobs","decl":{"start":{"line":45,"column":22},"end":{"line":45,"column":34}},"loc":{"start":{"line":45,"column":50},"end":{"line":46,"column":null}},"line":45},"6":{"name":"getPendingJobs","decl":{"start":{"line":49,"column":22},"end":{"line":49,"column":39}},"loc":{"start":{"line":49,"column":39},"end":{"line":60,"column":null}},"line":49}},"branchMap":{},"s":{"0":1,"1":1,"2":0,"3":0,"4":0,"5":0,"6":0,"7":0,"8":0,"9":0,"10":0,"11":0},"f":{"0":1,"1":0,"2":0,"3":0,"4":0,"5":0,"6":0},"b":{},"meta":{"lastBranch":0,"lastFunction":7,"lastStatement":12,"seen":{"f:5:22:5:32":0,"s:6:19:6:64":0,"s:7:2:7:Infinity":1,"f:10:22:10:35":1,"s:11:16:11:38":2,"s:13:2:13:Infinity":3,"f:16:22:16:33":2,"s:17:19:17:73":4,"s:19:2:19:Infinity":5,"f:22:22:22:38":3,"s:23:19:27:16":6,"s:29:2:29:Infinity":7,"f:32:22:32:40":4,"s:33:19:40:16":8,"s:42:2:42:Infinity":9,"f:45:22:45:34":5,"s:46:2:46:Infinity":10,"f:49:22:49:39":6,"s:50:2:60:Infinity":11}}}
,"/home/fatimah/Zapier/src/db/queries/pipelines.ts": {"path":"/home/fatimah/Zapier/src/db/queries/pipelines.ts","statementMap":{"0":{"start":{"line":6,"column":19},"end":{"line":6,"column":70}},"1":{"start":{"line":7,"column":2},"end":{"line":7,"column":null}},"2":{"start":{"line":11,"column":16},"end":{"line":11,"column":43}},"3":{"start":{"line":13,"column":2},"end":{"line":13,"column":null}},"4":{"start":{"line":17,"column":19},"end":{"line":20,"column":36}},"5":{"start":{"line":22,"column":2},"end":{"line":22,"column":null}},"6":{"start":{"line":26,"column":20},"end":{"line":29,"column":16}},"7":{"start":{"line":31,"column":2},"end":{"line":31,"column":null}},"8":{"start":{"line":35,"column":19},"end":{"line":41,"column":16}},"9":{"start":{"line":42,"column":2},"end":{"line":42,"column":null}},"10":{"start":{"line":46,"column":19},"end":{"line":50,"column":16}},"11":{"start":{"line":51,"column":2},"end":{"line":51,"column":null}}},"fnMap":{"0":{"name":"createPipe","decl":{"start":{"line":5,"column":22},"end":{"line":5,"column":33}},"loc":{"start":{"line":5,"column":49},"end":{"line":7,"column":null}},"line":5},"1":{"name":"getAllpipes","decl":{"start":{"line":10,"column":22},"end":{"line":10,"column":36}},"loc":{"start":{"line":10,"column":36},"end":{"line":13,"column":null}},"line":10},"2":{"name":"getPipeById","decl":{"start":{"line":16,"column":22},"end":{"line":16,"column":34}},"loc":{"start":{"line":16,"column":50},"end":{"line":22,"column":null}},"line":16},"3":{"name":"deletePipeById","decl":{"start":{"line":25,"column":22},"end":{"line":25,"column":37}},"loc":{"start":{"line":25,"column":49},"end":{"line":31,"column":null}},"line":25},"4":{"name":"updatePipe","decl":{"start":{"line":34,"column":22},"end":{"line":34,"column":33}},"loc":{"start":{"line":34,"column":70},"end":{"line":42,"column":null}},"line":34},"5":{"name":"setSource","decl":{"start":{"line":45,"column":22},"end":{"line":45,"column":32}},"loc":{"start":{"line":45,"column":60},"end":{"line":51,"column":null}},"line":45}},"branchMap":{},"s":{"0":2,"1":2,"2":0,"3":0,"4":1,"5":1,"6":0,"7":0,"8":0,"9":0,"10":2,"11":2},"f":{"0":2,"1":0,"2":1,"3":0,"4":0,"5":2},"b":{},"meta":{"lastBranch":0,"lastFunction":6,"lastStatement":12,"seen":{"f:5:22:5:33":0,"s:6:19:6:70":0,"s:7:2:7:Infinity":1,"f:10:22:10:36":1,"s:11:16:11:43":2,"s:13:2:13:Infinity":3,"f:16:22:16:34":2,"s:17:19:20:36":4,"s:22:2:22:Infinity":5,"f:25:22:25:37":3,"s:26:20:29:16":6,"s:31:2:31:Infinity":7,"f:34:22:34:33":4,"s:35:19:41:16":8,"s:42:2:42:Infinity":9,"f:45:22:45:32":5,"s:46:19:50:16":10,"s:51:2:51:Infinity":11}}}
,"/home/fatimah/Zapier/src/db/queries/subscribers.ts": {"path":"/home/fatimah/Zapier/src/db/queries/subscribers.ts","statementMap":{"0":{"start":{"line":6,"column":19},"end":{"line":6,"column":72}},"1":{"start":{"line":7,"column":2},"end":{"line":7,"column":null}},"2":{"start":{"line":11,"column":2},"end":{"line":14,"column":null}}},"fnMap":{"0":{"name":"createSub","decl":{"start":{"line":5,"column":22},"end":{"line":5,"column":32}},"loc":{"start":{"line":5,"column":52},"end":{"line":7,"column":null}},"line":5},"1":{"name":"getSubs","decl":{"start":{"line":10,"column":22},"end":{"line":10,"column":30}},"loc":{"start":{"line":10,"column":46},"end":{"line":14,"column":null}},"line":10}},"branchMap":{},"s":{"0":2,"1":2,"2":0},"f":{"0":2,"1":0},"b":{},"meta":{"lastBranch":0,"lastFunction":2,"lastStatement":3,"seen":{"f:5:22:5:32":0,"s:6:19:6:72":0,"s:7:2:7:Infinity":1,"f:10:22:10:30":1,"s:11:2:14:Infinity":2}}}
}
